                                                                                                                        
>>>>>>>>>>>>>>>>>>>>>>>>>>>>>>>>>>>>>>>>>>>>>>>>>>>>>>>>>>>>>>>>>>>>>>>>>>>>>>>>>>>>>>>>>>>>>>>>>>>>>>>>>>>>>>>>>>>>>>>>
2025-04-25 11:50:58,714 - INFO - START ethical_guardrails =============================================
2025-04-25 11:50:58,714 - INFO - START ethical_guardrails Start Time = 2025-04-25 11:50:58
2025-04-25 11:50:58,714 - INFO - ethical_guardrails Step 0 - Initialize the configuration file parser
2025-04-25 11:50:58,715 - INFO - Process ethical_guardrails Step 0 - Initializing and starting Logging Process.
2025-04-25 11:50:58,777 - INFO - PERFORMANCE ethical_guardrails The total process duration was:0.06
2025-04-25 11:50:58,777 - INFO - PERFORMANCE ethical_guardrails Stop Time = 2025-04-25 11:50:58
2025-04-25 11:50:58,780 - INFO - PERFORMANCE ethical_guardrails Short process duration less than 3 Seconds:0.06
2025-04-25 11:50:58,781 - INFO - PERFORMANCE ethical_guardrails Performance optimization is not reccomended
2025-04-25 11:50:58,781 - INFO - END ethical_guardrails =============================================

<<<<<<<<<<<<<<<<<<<<<<<<<<<<<<<<<<<<<<<<<<<<<<<<<<<<<<<<<<<<<<<<<<<<<<<<<<<<<<<<<<<<<<<<<<<<<<<<<<<<<<<<<<<<<<<<<<<<<<<<
                                                                                                                        
                                                                                                                        
>>>>>>>>>>>>>>>>>>>>>>>>>>>>>>>>>>>>>>>>>>>>>>>>>>>>>>>>>>>>>>>>>>>>>>>>>>>>>>>>>>>>>>>>>>>>>>>>>>>>>>>>>>>>>>>>>>>>>>>>
2025-04-25 17:10:59,010 - INFO - START ethical_guardrails =============================================
2025-04-25 17:10:59,010 - INFO - START ethical_guardrails Start Time = 2025-04-25 17:10:59
2025-04-25 17:10:59,010 - INFO - ethical_guardrails Step 0 - Initialize the configuration file parser
2025-04-25 17:10:59,011 - INFO - Process ethical_guardrails Step 0 - Initializing and starting Logging Process.
2025-04-25 17:11:00,626 - INFO - PERFORMANCE ethical_guardrails The total process duration was:1.62
2025-04-25 17:11:00,628 - INFO - PERFORMANCE ethical_guardrails Stop Time = 2025-04-25 17:11:00
2025-04-25 17:11:00,628 - INFO - PERFORMANCE ethical_guardrails Short process duration less than 3 Seconds:1.62
2025-04-25 17:11:00,628 - INFO - PERFORMANCE ethical_guardrails Performance optimization is not reccomended
2025-04-25 17:11:00,628 - INFO - END ethical_guardrails =============================================

<<<<<<<<<<<<<<<<<<<<<<<<<<<<<<<<<<<<<<<<<<<<<<<<<<<<<<<<<<<<<<<<<<<<<<<<<<<<<<<<<<<<<<<<<<<<<<<<<<<<<<<<<<<<<<<<<<<<<<<<
                                                                                                                        
                                                                                                                        
>>>>>>>>>>>>>>>>>>>>>>>>>>>>>>>>>>>>>>>>>>>>>>>>>>>>>>>>>>>>>>>>>>>>>>>>>>>>>>>>>>>>>>>>>>>>>>>>>>>>>>>>>>>>>>>>>>>>>>>>
2025-04-25 17:15:36,778 - INFO - START ethical_guardrails =============================================
2025-04-25 17:15:36,778 - INFO - START ethical_guardrails Start Time = 2025-04-25 17:15:36
2025-04-25 17:15:36,778 - INFO - ethical_guardrails Step 0 - Initialize the configuration file parser
2025-04-25 17:15:36,779 - INFO - Process ethical_guardrails Step 0 - Initializing and starting Logging Process.
2025-04-25 17:15:38,400 - INFO - PERFORMANCE ethical_guardrails The total process duration was:1.62
2025-04-25 17:15:38,400 - INFO - PERFORMANCE ethical_guardrails Stop Time = 2025-04-25 17:15:38
2025-04-25 17:15:38,400 - INFO - PERFORMANCE ethical_guardrails Short process duration less than 3 Seconds:1.62
2025-04-25 17:15:38,400 - INFO - PERFORMANCE ethical_guardrails Performance optimization is not reccomended
2025-04-25 17:15:38,400 - INFO - END ethical_guardrails =============================================

<<<<<<<<<<<<<<<<<<<<<<<<<<<<<<<<<<<<<<<<<<<<<<<<<<<<<<<<<<<<<<<<<<<<<<<<<<<<<<<<<<<<<<<<<<<<<<<<<<<<<<<<<<<<<<<<<<<<<<<<
                                                                                                                        
                                                                                                                        
>>>>>>>>>>>>>>>>>>>>>>>>>>>>>>>>>>>>>>>>>>>>>>>>>>>>>>>>>>>>>>>>>>>>>>>>>>>>>>>>>>>>>>>>>>>>>>>>>>>>>>>>>>>>>>>>>>>>>>>>
2025-04-25 19:53:24,947 - INFO - START ethical_guardrails =============================================
2025-04-25 19:53:24,947 - INFO - START ethical_guardrails Start Time = 2025-04-25 19:53:24
2025-04-25 19:53:24,947 - INFO - ethical_guardrails Step 0 - Initialize the configuration file parser
2025-04-25 19:53:24,947 - INFO - Process ethical_guardrails Step 0 - Initializing and starting Logging Process.
2025-04-25 19:53:26,584 - INFO - PERFORMANCE ethical_guardrails The total process duration was:1.64
2025-04-25 19:53:26,584 - INFO - PERFORMANCE ethical_guardrails Stop Time = 2025-04-25 19:53:26
2025-04-25 19:53:26,584 - INFO - PERFORMANCE ethical_guardrails Short process duration less than 3 Seconds:1.64
2025-04-25 19:53:26,584 - INFO - PERFORMANCE ethical_guardrails Performance optimization is not reccomended
2025-04-25 19:53:26,585 - INFO - END ethical_guardrails =============================================

<<<<<<<<<<<<<<<<<<<<<<<<<<<<<<<<<<<<<<<<<<<<<<<<<<<<<<<<<<<<<<<<<<<<<<<<<<<<<<<<<<<<<<<<<<<<<<<<<<<<<<<<<<<<<<<<<<<<<<<<
                                                                                                                        
